c:\users\joseph pc\documents\github\sovereignengine\monarch\intermediate\debug-windows-x86_64\monarch\monarch.pch
c:\users\joseph pc\documents\github\sovereignengine\monarch\intermediate\debug-windows-x86_64\monarch\vc142.pdb
c:\users\joseph pc\documents\github\sovereignengine\monarch\intermediate\debug-windows-x86_64\monarch\vc142.idb
c:\users\joseph pc\documents\github\sovereignengine\monarch\intermediate\debug-windows-x86_64\monarch\pch.obj
c:\users\joseph pc\documents\github\sovereignengine\monarch\intermediate\debug-windows-x86_64\monarch\log.obj
c:\users\joseph pc\documents\github\sovereignengine\monarch\intermediate\debug-windows-x86_64\monarch\application.obj
c:\users\joseph pc\documents\github\sovereignengine\monarch\binaries\debug-windows-x86_64\monarch\monarch.dll
c:\users\joseph pc\documents\github\sovereignengine\monarch\intermediate\debug-windows-x86_64\monarch\monarch.ilk
c:\users\joseph pc\documents\github\sovereignengine\monarch\binaries\debug-windows-x86_64\monarch\monarch.pdb
c:\users\joseph pc\documents\github\sovereignengine\monarch\binaries\debug-windows-x86_64\monarch\monarch.lib
c:\users\joseph pc\documents\github\sovereignengine\monarch\binaries\debug-windows-x86_64\monarch\monarch.exp
c:\users\joseph pc\documents\github\sovereignengine\monarch\intermediate\debug-windows-x86_64\monarch\monarch.tlog\cl.command.1.tlog
c:\users\joseph pc\documents\github\sovereignengine\monarch\intermediate\debug-windows-x86_64\monarch\monarch.tlog\cl.read.1.tlog
c:\users\joseph pc\documents\github\sovereignengine\monarch\intermediate\debug-windows-x86_64\monarch\monarch.tlog\cl.write.1.tlog
c:\users\joseph pc\documents\github\sovereignengine\monarch\intermediate\debug-windows-x86_64\monarch\monarch.tlog\link.29784.delete.1.tlog
c:\users\joseph pc\documents\github\sovereignengine\monarch\intermediate\debug-windows-x86_64\monarch\monarch.tlog\link.6048.delete.1.tlog
c:\users\joseph pc\documents\github\sovereignengine\monarch\intermediate\debug-windows-x86_64\monarch\monarch.tlog\link.command.1.tlog
c:\users\joseph pc\documents\github\sovereignengine\monarch\intermediate\debug-windows-x86_64\monarch\monarch.tlog\link.delete.1.tlog
c:\users\joseph pc\documents\github\sovereignengine\monarch\intermediate\debug-windows-x86_64\monarch\monarch.tlog\link.read.1.tlog
c:\users\joseph pc\documents\github\sovereignengine\monarch\intermediate\debug-windows-x86_64\monarch\monarch.tlog\link.write.1.tlog
c:\users\joseph pc\documents\github\sovereignengine\monarch\intermediate\debug-windows-x86_64\monarch\monarch.tlog\monarch.write.1u.tlog
